<?xml version="1.0" encoding="UTF-8"?>
<testng-results ignored="0" total="2" passed="2" failed="0" skipped="0">
  <reporter-output>
  </reporter-output>
  <suite started-at="2022-12-13T16:56:31 IST" name="Suite" finished-at="2022-12-13T16:56:39 IST" duration-ms="8241">
    <groups>
    </groups>
    <test started-at="2022-12-13T16:56:31 IST" name="FirefoxTest" finished-at="2022-12-13T16:56:38 IST" duration-ms="6764">
      <class name="testNG.CrossBrowsing">
        <test-method signature="crossBrowser(java.lang.String)[pri:0, instance:testNG.CrossBrowsing@42a48628]" started-at="2022-12-13T16:56:31 IST" name="crossBrowser" finished-at="2022-12-13T16:56:38 IST" duration-ms="6720" status="PASS">
          <params>
            <param index="0">
              <value>
                <![CDATA[firefox]]>
              </value>
            </param>
          </params>
          <reporter-output>
          </reporter-output>
        </test-method> <!-- crossBrowser -->
      </class> <!-- testNG.CrossBrowsing -->
    </test> <!-- FirefoxTest -->
    <test started-at="2022-12-13T16:56:31 IST" name="ChromeTest" finished-at="2022-12-13T16:56:39 IST" duration-ms="8241">
      <class name="testNG.CrossBrowsing">
        <test-method signature="crossBrowser(java.lang.String)[pri:0, instance:testNG.CrossBrowsing@6356695f]" started-at="2022-12-13T16:56:31 IST" name="crossBrowser" finished-at="2022-12-13T16:56:39 IST" duration-ms="8203" status="PASS">
          <params>
            <param index="0">
              <value>
                <![CDATA[chrome]]>
              </value>
            </param>
          </params>
          <reporter-output>
          </reporter-output>
        </test-method> <!-- crossBrowser -->
      </class> <!-- testNG.CrossBrowsing -->
    </test> <!-- ChromeTest -->
  </suite> <!-- Suite -->
</testng-results>
